2024-12-03 18:57:56,046 - Start training process...
2024-12-03 18:57:59,629 - Epoch [1/72], Train_loss: 1.4360, Valid_loss: 1.5477, Learning Rate: 0.0001
2024-12-03 18:58:03,256 - Epoch [2/72], Train_loss: 1.4000, Valid_loss: 1.5059, Learning Rate: 0.0001
2024-12-03 18:58:06,953 - Epoch [3/72], Train_loss: 1.3636, Valid_loss: 1.4657, Learning Rate: 0.0001
2024-12-03 18:58:10,647 - Epoch [4/72], Train_loss: 1.3284, Valid_loss: 1.4228, Learning Rate: 0.0001
2024-12-03 18:58:14,349 - Epoch [5/72], Train_loss: 1.2880, Valid_loss: 1.3446, Learning Rate: 0.0001
2024-12-03 18:58:18,082 - Epoch [6/72], Train_loss: 1.2045, Valid_loss: 1.1833, Learning Rate: 0.0001
2024-12-03 18:58:21,761 - Epoch [7/72], Train_loss: 1.1252, Valid_loss: 1.1263, Learning Rate: 0.0001
2024-12-03 18:58:25,408 - Epoch [8/72], Train_loss: 1.0927, Valid_loss: 1.0983, Learning Rate: 0.0001
2024-12-03 18:58:29,094 - Epoch [9/72], Train_loss: 1.0726, Valid_loss: 1.0745, Learning Rate: 0.0001
2024-12-03 18:58:32,710 - Epoch [10/72], Train_loss: 1.0531, Valid_loss: 1.0572, Learning Rate: 0.0001
2024-12-03 18:58:36,331 - Epoch [11/72], Train_loss: 1.0318, Valid_loss: 1.0260, Learning Rate: 0.0001
2024-12-03 18:58:39,962 - Epoch [12/72], Train_loss: 1.0159, Valid_loss: 1.0012, Learning Rate: 0.0001
2024-12-03 18:58:43,578 - Epoch [13/72], Train_loss: 0.9925, Valid_loss: 0.9765, Learning Rate: 0.0001
2024-12-03 18:58:47,195 - Epoch [14/72], Train_loss: 0.9759, Valid_loss: 0.9606, Learning Rate: 0.0001
2024-12-03 18:58:50,854 - Epoch [15/72], Train_loss: 0.9491, Valid_loss: 0.9287, Learning Rate: 0.0001
2024-12-03 18:58:54,522 - Epoch [16/72], Train_loss: 0.9234, Valid_loss: 0.9114, Learning Rate: 0.0001
2024-12-03 18:58:58,280 - Epoch [17/72], Train_loss: 0.9061, Valid_loss: 0.8996, Learning Rate: 0.0001
2024-12-03 18:59:01,950 - Epoch [18/72], Train_loss: 0.9039, Valid_loss: 0.8901, Learning Rate: 0.0001
2024-12-03 18:59:05,617 - Epoch [19/72], Train_loss: 0.8845, Valid_loss: 0.8827, Learning Rate: 0.0001
2024-12-03 18:59:09,286 - Epoch [20/72], Train_loss: 0.8676, Valid_loss: 0.8706, Learning Rate: 0.0001
2024-12-03 18:59:12,943 - Epoch [21/72], Train_loss: 0.8630, Valid_loss: 0.8595, Learning Rate: 0.0001
2024-12-03 18:59:16,578 - Epoch [22/72], Train_loss: 0.8428, Valid_loss: 0.8472, Learning Rate: 0.0001
2024-12-03 18:59:20,252 - Epoch [23/72], Train_loss: 0.8376, Valid_loss: 0.8343, Learning Rate: 0.0001
2024-12-03 18:59:24,023 - Epoch [24/72], Train_loss: 0.8174, Valid_loss: 0.8240, Learning Rate: 0.0001
2024-12-03 18:59:27,756 - Epoch [25/72], Train_loss: 0.8051, Valid_loss: 0.8104, Learning Rate: 0.0001
2024-12-03 18:59:31,458 - Epoch [26/72], Train_loss: 0.8002, Valid_loss: 0.7969, Learning Rate: 0.0001
2024-12-03 18:59:35,163 - Epoch [27/72], Train_loss: 0.7892, Valid_loss: 0.7840, Learning Rate: 0.0001
2024-12-03 18:59:38,883 - Epoch [28/72], Train_loss: 0.7818, Valid_loss: 0.7723, Learning Rate: 0.0001
2024-12-03 18:59:42,576 - Epoch [29/72], Train_loss: 0.7645, Valid_loss: 0.7586, Learning Rate: 0.0001
2024-12-03 18:59:46,212 - Epoch [30/72], Train_loss: 0.7483, Valid_loss: 0.7445, Learning Rate: 0.0001
2024-12-03 18:59:49,930 - Epoch [31/72], Train_loss: 0.7366, Valid_loss: 0.7321, Learning Rate: 0.0001
2024-12-03 18:59:53,599 - Epoch [32/72], Train_loss: 0.7290, Valid_loss: 0.7197, Learning Rate: 0.0001
2024-12-03 18:59:57,218 - Epoch [33/72], Train_loss: 0.7142, Valid_loss: 0.7084, Learning Rate: 0.0001
2024-12-03 19:00:00,838 - Epoch [34/72], Train_loss: 0.7028, Valid_loss: 0.6973, Learning Rate: 0.0001
2024-12-03 19:00:04,439 - Epoch [35/72], Train_loss: 0.6915, Valid_loss: 0.6860, Learning Rate: 0.0001
2024-12-03 19:00:08,015 - Epoch [36/72], Train_loss: 0.6845, Valid_loss: 0.6761, Learning Rate: 0.0001
2024-12-03 19:00:11,712 - Epoch [37/72], Train_loss: 0.6725, Valid_loss: 0.6669, Learning Rate: 0.0001
2024-12-03 19:00:15,324 - Epoch [38/72], Train_loss: 0.6624, Valid_loss: 0.6580, Learning Rate: 0.0001
2024-12-03 19:00:19,041 - Epoch [39/72], Train_loss: 0.6578, Valid_loss: 0.6511, Learning Rate: 0.0001
2024-12-03 19:00:22,655 - Epoch [40/72], Train_loss: 0.6458, Valid_loss: 0.6442, Learning Rate: 0.0001
2024-12-03 19:00:26,324 - Epoch [41/72], Train_loss: 0.6518, Valid_loss: 0.6386, Learning Rate: 0.0001
2024-12-03 19:00:29,925 - Epoch [42/72], Train_loss: 0.6411, Valid_loss: 0.6357, Learning Rate: 0.0001
2024-12-03 19:00:33,507 - Epoch [43/72], Train_loss: 0.6375, Valid_loss: 0.6329, Learning Rate: 0.0001
2024-12-03 19:00:37,133 - Epoch [44/72], Train_loss: 0.6331, Valid_loss: 0.6296, Learning Rate: 0.0001
2024-12-03 19:00:40,753 - Epoch [45/72], Train_loss: 0.6301, Valid_loss: 0.6277, Learning Rate: 0.0001
2024-12-03 19:00:44,401 - Epoch [46/72], Train_loss: 0.6348, Valid_loss: 0.6270, Learning Rate: 0.0001
2024-12-03 19:00:48,070 - Epoch [47/72], Train_loss: 0.6340, Valid_loss: 0.6264, Learning Rate: 0.0001
2024-12-03 19:00:51,665 - Epoch [48/72], Train_loss: 0.6320, Valid_loss: 0.6253, Learning Rate: 0.0001
2024-12-03 19:00:55,320 - Epoch [49/72], Train_loss: 0.6266, Valid_loss: 0.6248, Learning Rate: 0.0001
2024-12-03 19:00:59,001 - Epoch [50/72], Train_loss: 0.6326, Valid_loss: 0.6246, Learning Rate: 1e-05
2024-12-03 19:01:02,608 - Epoch [51/72], Train_loss: 0.6261, Valid_loss: 0.6245, Learning Rate: 1e-05
2024-12-03 19:01:06,172 - Epoch [52/72], Train_loss: 0.6284, Valid_loss: 0.6245, Learning Rate: 1e-05
2024-12-03 19:01:09,820 - Epoch [53/72], Train_loss: 0.6302, Valid_loss: 0.6245, Learning Rate: 1e-05
2024-12-03 19:01:13,547 - Epoch [54/72], Train_loss: 0.6302, Valid_loss: 0.6245, Learning Rate: 1e-05
2024-12-03 19:01:17,191 - Epoch [55/72], Train_loss: 0.6279, Valid_loss: 0.6245, Learning Rate: 1e-05
2024-12-03 19:01:20,884 - Epoch [56/72], Train_loss: 0.6294, Valid_loss: 0.6245, Learning Rate: 1e-05
2024-12-03 19:01:24,564 - Epoch [57/72], Train_loss: 0.6301, Valid_loss: 0.6245, Learning Rate: 1e-05
2024-12-03 19:01:28,246 - Epoch [58/72], Train_loss: 0.6267, Valid_loss: 0.6245, Learning Rate: 1e-05
2024-12-03 19:01:31,917 - Epoch [59/72], Train_loss: 0.6305, Valid_loss: 0.6245, Learning Rate: 1e-05
2024-12-03 19:01:35,620 - Epoch [60/72], Train_loss: 0.6260, Valid_loss: 0.6245, Learning Rate: 1e-05
2024-12-03 19:01:39,269 - Epoch [61/72], Train_loss: 0.6236, Valid_loss: 0.6244, Learning Rate: 1e-05
2024-12-03 19:01:42,991 - Epoch [62/72], Train_loss: 0.6273, Valid_loss: 0.6243, Learning Rate: 1e-05
2024-12-03 19:01:46,605 - Epoch [63/72], Train_loss: 0.6295, Valid_loss: 0.6242, Learning Rate: 1e-05
2024-12-03 19:01:50,216 - Epoch [64/72], Train_loss: 0.6238, Valid_loss: 0.6241, Learning Rate: 1e-05
2024-12-03 19:01:53,838 - Epoch [65/72], Train_loss: 0.6248, Valid_loss: 0.6241, Learning Rate: 1e-05
2024-12-03 19:01:57,457 - Epoch [66/72], Train_loss: 0.6234, Valid_loss: 0.6241, Learning Rate: 1e-05
2024-12-03 19:02:01,062 - Epoch [67/72], Train_loss: 0.6251, Valid_loss: 0.6240, Learning Rate: 1e-05
2024-12-03 19:02:04,744 - Epoch [68/72], Train_loss: 0.6235, Valid_loss: 0.6239, Learning Rate: 1e-05
2024-12-03 19:02:08,380 - Epoch [69/72], Train_loss: 0.6212, Valid_loss: 0.6238, Learning Rate: 1e-05
2024-12-03 19:02:11,992 - Epoch [70/72], Train_loss: 0.6281, Valid_loss: 0.6238, Learning Rate: 1e-05
2024-12-03 19:02:15,621 - Epoch [71/72], Train_loss: 0.6279, Valid_loss: 0.6237, Learning Rate: 1e-05
2024-12-03 19:02:19,313 - Epoch [72/72], Train_loss: 0.6290, Valid_loss: 0.6237, Learning Rate: 1e-05
2024-12-03 19:02:19,313 - Best model comes from Epoch 69.
2024-12-03 19:02:19,313 - Model training is done. Start saving checkpoint file...
2024-12-03 19:02:19,337 - Checkpoint file saved.
