2024-12-03 17:36:18,045 - Start training process...
2024-12-03 17:36:37,964 - Epoch [1/72], Train_loss: 0.6883, Valid_loss: 0.6814, Learning Rate: 0.001
2024-12-03 17:36:56,331 - Epoch [2/72], Train_loss: 0.6733, Valid_loss: 0.6618, Learning Rate: 0.001
2024-12-03 17:37:14,440 - Epoch [3/72], Train_loss: 0.6476, Valid_loss: 0.6056, Learning Rate: 0.001
2024-12-03 17:37:31,917 - Epoch [4/72], Train_loss: 0.5760, Valid_loss: 0.5519, Learning Rate: 0.001
2024-12-03 17:37:49,876 - Epoch [5/72], Train_loss: 0.5091, Valid_loss: 0.4987, Learning Rate: 0.001
2024-12-03 17:38:10,760 - Epoch [6/72], Train_loss: 0.4782, Valid_loss: 0.4426, Learning Rate: 0.001
2024-12-03 17:38:30,353 - Epoch [7/72], Train_loss: 0.4637, Valid_loss: 0.4302, Learning Rate: 0.001
2024-12-03 17:38:50,765 - Epoch [8/72], Train_loss: 0.4595, Valid_loss: 0.4465, Learning Rate: 0.001
2024-12-03 17:39:09,749 - Epoch [9/72], Train_loss: 0.4666, Valid_loss: 0.4611, Learning Rate: 0.001
2024-12-03 17:39:28,935 - Epoch [10/72], Train_loss: 0.4842, Valid_loss: 0.4301, Learning Rate: 0.001
2024-12-03 17:39:48,070 - Epoch [11/72], Train_loss: 0.4623, Valid_loss: 0.4232, Learning Rate: 0.001
2024-12-03 17:40:07,737 - Epoch [12/72], Train_loss: 0.4620, Valid_loss: 0.4295, Learning Rate: 0.001
2024-12-03 17:40:27,968 - Epoch [13/72], Train_loss: 0.4503, Valid_loss: 0.4209, Learning Rate: 0.001
2024-12-03 17:40:47,894 - Epoch [14/72], Train_loss: 0.4518, Valid_loss: 0.4356, Learning Rate: 0.001
2024-12-03 17:41:07,580 - Epoch [15/72], Train_loss: 0.4549, Valid_loss: 0.4177, Learning Rate: 0.001
2024-12-03 17:41:27,351 - Epoch [16/72], Train_loss: 0.4495, Valid_loss: 0.4298, Learning Rate: 0.001
2024-12-03 17:41:47,469 - Epoch [17/72], Train_loss: 0.4475, Valid_loss: 0.4204, Learning Rate: 0.001
2024-12-03 17:42:07,107 - Epoch [18/72], Train_loss: 0.4489, Valid_loss: 0.4182, Learning Rate: 0.001
2024-12-03 17:42:26,422 - Epoch [19/72], Train_loss: 0.4495, Valid_loss: 0.4296, Learning Rate: 0.001
2024-12-03 17:42:45,310 - Epoch [20/72], Train_loss: 0.4461, Valid_loss: 0.4227, Learning Rate: 0.001
2024-12-03 17:43:04,757 - Epoch [21/72], Train_loss: 0.4489, Valid_loss: 0.4248, Learning Rate: 0.001
2024-12-03 17:43:24,682 - Epoch [22/72], Train_loss: 0.4422, Valid_loss: 0.4331, Learning Rate: 0.001
2024-12-03 17:43:44,799 - Epoch [23/72], Train_loss: 0.4456, Valid_loss: 0.4127, Learning Rate: 0.0001
2024-12-03 17:44:04,131 - Epoch [24/72], Train_loss: 0.4387, Valid_loss: 0.4113, Learning Rate: 0.0001
2024-12-03 17:44:22,999 - Epoch [25/72], Train_loss: 0.4366, Valid_loss: 0.4114, Learning Rate: 0.0001
2024-12-03 17:44:42,707 - Epoch [26/72], Train_loss: 0.4351, Valid_loss: 0.4116, Learning Rate: 0.0001
2024-12-03 17:45:01,706 - Epoch [27/72], Train_loss: 0.4361, Valid_loss: 0.4126, Learning Rate: 0.0001
2024-12-03 17:45:21,698 - Epoch [28/72], Train_loss: 0.4347, Valid_loss: 0.4107, Learning Rate: 0.0001
2024-12-03 17:45:40,907 - Epoch [29/72], Train_loss: 0.4365, Valid_loss: 0.4111, Learning Rate: 0.0001
2024-12-03 17:45:59,553 - Epoch [30/72], Train_loss: 0.4346, Valid_loss: 0.4108, Learning Rate: 0.0001
2024-12-03 17:46:18,774 - Epoch [31/72], Train_loss: 0.4347, Valid_loss: 0.4110, Learning Rate: 0.0001
2024-12-03 17:46:38,715 - Epoch [32/72], Train_loss: 0.4341, Valid_loss: 0.4109, Learning Rate: 0.0001
2024-12-03 17:46:57,608 - Epoch [33/72], Train_loss: 0.4349, Valid_loss: 0.4103, Learning Rate: 0.0001
2024-12-03 17:47:16,448 - Epoch [34/72], Train_loss: 0.4340, Valid_loss: 0.4104, Learning Rate: 0.0001
2024-12-03 17:47:35,861 - Epoch [35/72], Train_loss: 0.4362, Valid_loss: 0.4146, Learning Rate: 0.0001
2024-12-03 17:47:54,473 - Epoch [36/72], Train_loss: 0.4332, Valid_loss: 0.4099, Learning Rate: 0.0001
2024-12-03 17:48:13,016 - Epoch [37/72], Train_loss: 0.4342, Valid_loss: 0.4115, Learning Rate: 0.0001
2024-12-03 17:48:31,612 - Epoch [38/72], Train_loss: 0.4335, Valid_loss: 0.4120, Learning Rate: 0.0001
2024-12-03 17:48:50,946 - Epoch [39/72], Train_loss: 0.4337, Valid_loss: 0.4106, Learning Rate: 0.0001
2024-12-03 17:49:10,072 - Epoch [40/72], Train_loss: 0.4335, Valid_loss: 0.4105, Learning Rate: 0.0001
2024-12-03 17:49:28,587 - Epoch [41/72], Train_loss: 0.4339, Valid_loss: 0.4111, Learning Rate: 0.0001
2024-12-03 17:49:47,395 - Epoch [42/72], Train_loss: 0.4339, Valid_loss: 0.4107, Learning Rate: 0.0001
2024-12-03 17:50:06,213 - Epoch [43/72], Train_loss: 0.4325, Valid_loss: 0.4110, Learning Rate: 0.0001
2024-12-03 17:50:25,188 - Epoch [44/72], Train_loss: 0.4329, Valid_loss: 0.4137, Learning Rate: 0.0001
2024-12-03 17:50:43,907 - Epoch [45/72], Train_loss: 0.4329, Valid_loss: 0.4099, Learning Rate: 0.0001
2024-12-03 17:51:02,738 - Epoch [46/72], Train_loss: 0.4333, Valid_loss: 0.4098, Learning Rate: 0.0001
2024-12-03 17:51:21,576 - Epoch [47/72], Train_loss: 0.4338, Valid_loss: 0.4094, Learning Rate: 0.0001
2024-12-03 17:51:40,967 - Epoch [48/72], Train_loss: 0.4325, Valid_loss: 0.4103, Learning Rate: 0.0001
2024-12-03 17:51:59,853 - Epoch [49/72], Train_loss: 0.4328, Valid_loss: 0.4113, Learning Rate: 0.0001
2024-12-03 17:52:18,724 - Epoch [50/72], Train_loss: 0.4330, Valid_loss: 0.4099, Learning Rate: 0.0001
2024-12-03 17:52:37,585 - Epoch [51/72], Train_loss: 0.4330, Valid_loss: 0.4120, Learning Rate: 0.0001
2024-12-03 17:52:56,443 - Epoch [52/72], Train_loss: 0.4313, Valid_loss: 0.4089, Learning Rate: 0.0001
2024-12-03 17:53:15,178 - Epoch [53/72], Train_loss: 0.4333, Valid_loss: 0.4093, Learning Rate: 0.0001
2024-12-03 17:53:33,347 - Epoch [54/72], Train_loss: 0.4324, Valid_loss: 0.4088, Learning Rate: 0.0001
2024-12-03 17:53:51,833 - Epoch [55/72], Train_loss: 0.4329, Valid_loss: 0.4110, Learning Rate: 0.0001
2024-12-03 17:54:10,299 - Epoch [56/72], Train_loss: 0.4317, Valid_loss: 0.4095, Learning Rate: 0.0001
2024-12-03 17:54:28,832 - Epoch [57/72], Train_loss: 0.4312, Valid_loss: 0.4110, Learning Rate: 0.0001
2024-12-03 17:54:47,423 - Epoch [58/72], Train_loss: 0.4322, Valid_loss: 0.4094, Learning Rate: 0.0001
2024-12-03 17:55:05,969 - Epoch [59/72], Train_loss: 0.4318, Valid_loss: 0.4117, Learning Rate: 0.0001
2024-12-03 17:55:25,344 - Epoch [60/72], Train_loss: 0.4319, Valid_loss: 0.4102, Learning Rate: 1e-05
2024-12-03 17:55:43,908 - Epoch [61/72], Train_loss: 0.4299, Valid_loss: 0.4095, Learning Rate: 1e-05
2024-12-03 17:56:03,104 - Epoch [62/72], Train_loss: 0.4304, Valid_loss: 0.4098, Learning Rate: 1e-05
2024-12-03 17:56:21,663 - Epoch [63/72], Train_loss: 0.4301, Valid_loss: 0.4096, Learning Rate: 1e-05
2024-12-03 17:56:40,409 - Epoch [64/72], Train_loss: 0.4302, Valid_loss: 0.4094, Learning Rate: 1e-05
2024-12-03 17:56:59,067 - Epoch [65/72], Train_loss: 0.4299, Valid_loss: 0.4096, Learning Rate: 1e-05
2024-12-03 17:57:17,656 - Epoch [66/72], Train_loss: 0.4300, Valid_loss: 0.4094, Learning Rate: 1e-05
2024-12-03 17:57:36,293 - Epoch [67/72], Train_loss: 0.4295, Valid_loss: 0.4094, Learning Rate: 1e-05
2024-12-03 17:57:55,187 - Epoch [68/72], Train_loss: 0.4304, Valid_loss: 0.4093, Learning Rate: 1e-05
2024-12-03 17:58:14,083 - Epoch [69/72], Train_loss: 0.4304, Valid_loss: 0.4093, Learning Rate: 1e-05
2024-12-03 17:58:33,089 - Epoch [70/72], Train_loss: 0.4296, Valid_loss: 0.4092, Learning Rate: 1e-05
2024-12-03 17:58:52,105 - Epoch [71/72], Train_loss: 0.4300, Valid_loss: 0.4094, Learning Rate: 1e-05
2024-12-03 17:59:11,024 - Epoch [72/72], Train_loss: 0.4306, Valid_loss: 0.4092, Learning Rate: 1e-05
2024-12-03 17:59:11,025 - Best model comes from Epoch 67.
2024-12-03 17:59:11,025 - Model training is done. Start saving checkpoint file...
2024-12-03 17:59:11,045 - Checkpoint file saved.
