2024-12-03 16:36:17,811 - Start training process...
2024-12-03 16:36:21,440 - Epoch [1/72], Train_loss: 0.6859, Valid_loss: 0.6491, Learning Rate: 0.001
2024-12-03 16:36:24,850 - Epoch [2/72], Train_loss: 0.6827, Valid_loss: 0.6642, Learning Rate: 0.001
2024-12-03 16:36:28,429 - Epoch [3/72], Train_loss: 0.6802, Valid_loss: 0.6578, Learning Rate: 0.001
2024-12-03 16:36:31,889 - Epoch [4/72], Train_loss: 0.6826, Valid_loss: 0.6488, Learning Rate: 0.001
2024-12-03 16:36:35,322 - Epoch [5/72], Train_loss: 0.6755, Valid_loss: 0.6651, Learning Rate: 0.001
2024-12-03 16:36:38,804 - Epoch [6/72], Train_loss: 0.6760, Valid_loss: 0.6482, Learning Rate: 0.001
2024-12-03 16:36:42,204 - Epoch [7/72], Train_loss: 0.6734, Valid_loss: 0.6508, Learning Rate: 0.001
2024-12-03 16:36:45,656 - Epoch [8/72], Train_loss: 0.6742, Valid_loss: 0.6537, Learning Rate: 0.001
2024-12-03 16:36:49,114 - Epoch [9/72], Train_loss: 0.6814, Valid_loss: 0.6502, Learning Rate: 0.001
2024-12-03 16:36:52,567 - Epoch [10/72], Train_loss: 0.6859, Valid_loss: 0.6474, Learning Rate: 0.001
2024-12-03 16:36:56,016 - Epoch [11/72], Train_loss: 0.6740, Valid_loss: 0.6568, Learning Rate: 0.001
2024-12-03 16:36:59,497 - Epoch [12/72], Train_loss: 0.6759, Valid_loss: 0.6485, Learning Rate: 0.001
2024-12-03 16:37:02,957 - Epoch [13/72], Train_loss: 0.6805, Valid_loss: 0.6591, Learning Rate: 0.001
2024-12-03 16:37:06,449 - Epoch [14/72], Train_loss: 0.6843, Valid_loss: 0.6478, Learning Rate: 0.001
2024-12-03 16:37:09,893 - Epoch [15/72], Train_loss: 0.6718, Valid_loss: 0.6515, Learning Rate: 0.001
2024-12-03 16:37:13,400 - Epoch [16/72], Train_loss: 0.6732, Valid_loss: 0.6565, Learning Rate: 0.001
2024-12-03 16:37:16,843 - Epoch [17/72], Train_loss: 0.6751, Valid_loss: 0.6548, Learning Rate: 0.001
2024-12-03 16:37:20,347 - Epoch [18/72], Train_loss: 0.6722, Valid_loss: 0.6467, Learning Rate: 0.001
2024-12-03 16:37:23,843 - Epoch [19/72], Train_loss: 0.6753, Valid_loss: 0.6477, Learning Rate: 0.001
2024-12-03 16:37:27,272 - Epoch [20/72], Train_loss: 0.6730, Valid_loss: 0.6514, Learning Rate: 0.001
2024-12-03 16:37:30,752 - Epoch [21/72], Train_loss: 0.6710, Valid_loss: 0.6505, Learning Rate: 0.001
2024-12-03 16:37:34,235 - Epoch [22/72], Train_loss: 0.6726, Valid_loss: 0.6464, Learning Rate: 0.001
2024-12-03 16:37:37,684 - Epoch [23/72], Train_loss: 0.6757, Valid_loss: 0.6467, Learning Rate: 0.0001
2024-12-03 16:37:41,186 - Epoch [24/72], Train_loss: 0.6696, Valid_loss: 0.6466, Learning Rate: 0.0001
2024-12-03 16:37:44,632 - Epoch [25/72], Train_loss: 0.6694, Valid_loss: 0.6467, Learning Rate: 0.0001
2024-12-03 16:37:48,063 - Epoch [26/72], Train_loss: 0.6698, Valid_loss: 0.6479, Learning Rate: 0.0001
2024-12-03 16:37:51,571 - Epoch [27/72], Train_loss: 0.6691, Valid_loss: 0.6477, Learning Rate: 0.0001
2024-12-03 16:37:55,058 - Epoch [28/72], Train_loss: 0.6699, Valid_loss: 0.6468, Learning Rate: 0.0001
2024-12-03 16:37:58,555 - Epoch [29/72], Train_loss: 0.6693, Valid_loss: 0.6470, Learning Rate: 0.0001
2024-12-03 16:38:02,047 - Epoch [30/72], Train_loss: 0.6691, Valid_loss: 0.6472, Learning Rate: 0.0001
2024-12-03 16:38:05,522 - Epoch [31/72], Train_loss: 0.6690, Valid_loss: 0.6483, Learning Rate: 0.0001
2024-12-03 16:38:09,018 - Epoch [32/72], Train_loss: 0.6689, Valid_loss: 0.6476, Learning Rate: 0.0001
2024-12-03 16:38:12,624 - Epoch [33/72], Train_loss: 0.6686, Valid_loss: 0.6481, Learning Rate: 0.0001
2024-12-03 16:38:16,204 - Epoch [34/72], Train_loss: 0.6686, Valid_loss: 0.6477, Learning Rate: 0.0001
2024-12-03 16:38:19,761 - Epoch [35/72], Train_loss: 0.6691, Valid_loss: 0.6469, Learning Rate: 0.0001
2024-12-03 16:38:23,251 - Epoch [36/72], Train_loss: 0.6687, Valid_loss: 0.6478, Learning Rate: 0.0001
2024-12-03 16:38:26,682 - Epoch [37/72], Train_loss: 0.6681, Valid_loss: 0.6475, Learning Rate: 0.0001
2024-12-03 16:38:30,158 - Epoch [38/72], Train_loss: 0.6683, Valid_loss: 0.6466, Learning Rate: 0.0001
2024-12-03 16:38:33,667 - Epoch [39/72], Train_loss: 0.6682, Valid_loss: 0.6470, Learning Rate: 0.0001
2024-12-03 16:38:37,167 - Epoch [40/72], Train_loss: 0.6684, Valid_loss: 0.6474, Learning Rate: 0.0001
2024-12-03 16:38:40,676 - Epoch [41/72], Train_loss: 0.6677, Valid_loss: 0.6463, Learning Rate: 0.0001
2024-12-03 16:38:44,162 - Epoch [42/72], Train_loss: 0.6681, Valid_loss: 0.6465, Learning Rate: 0.0001
2024-12-03 16:38:47,623 - Epoch [43/72], Train_loss: 0.6673, Valid_loss: 0.6454, Learning Rate: 0.0001
2024-12-03 16:38:51,048 - Epoch [44/72], Train_loss: 0.6676, Valid_loss: 0.6448, Learning Rate: 0.0001
2024-12-03 16:38:54,486 - Epoch [45/72], Train_loss: 0.6679, Valid_loss: 0.6445, Learning Rate: 0.0001
2024-12-03 16:38:57,914 - Epoch [46/72], Train_loss: 0.6679, Valid_loss: 0.6450, Learning Rate: 0.0001
2024-12-03 16:39:01,434 - Epoch [47/72], Train_loss: 0.6677, Valid_loss: 0.6454, Learning Rate: 0.0001
2024-12-03 16:39:04,830 - Epoch [48/72], Train_loss: 0.6678, Valid_loss: 0.6471, Learning Rate: 0.0001
2024-12-03 16:39:08,264 - Epoch [49/72], Train_loss: 0.6666, Valid_loss: 0.6460, Learning Rate: 0.0001
2024-12-03 16:39:11,738 - Epoch [50/72], Train_loss: 0.6665, Valid_loss: 0.6446, Learning Rate: 0.0001
2024-12-03 16:39:15,237 - Epoch [51/72], Train_loss: 0.6665, Valid_loss: 0.6441, Learning Rate: 0.0001
2024-12-03 16:39:18,748 - Epoch [52/72], Train_loss: 0.6665, Valid_loss: 0.6441, Learning Rate: 0.0001
2024-12-03 16:39:22,203 - Epoch [53/72], Train_loss: 0.6663, Valid_loss: 0.6438, Learning Rate: 0.0001
2024-12-03 16:39:25,650 - Epoch [54/72], Train_loss: 0.6668, Valid_loss: 0.6431, Learning Rate: 0.0001
2024-12-03 16:39:29,145 - Epoch [55/72], Train_loss: 0.6667, Valid_loss: 0.6452, Learning Rate: 0.0001
2024-12-03 16:39:32,628 - Epoch [56/72], Train_loss: 0.6657, Valid_loss: 0.6436, Learning Rate: 0.0001
2024-12-03 16:39:36,094 - Epoch [57/72], Train_loss: 0.6664, Valid_loss: 0.6426, Learning Rate: 0.0001
2024-12-03 16:39:39,609 - Epoch [58/72], Train_loss: 0.6656, Valid_loss: 0.6435, Learning Rate: 0.0001
2024-12-03 16:39:43,076 - Epoch [59/72], Train_loss: 0.6659, Valid_loss: 0.6440, Learning Rate: 0.0001
2024-12-03 16:39:46,533 - Epoch [60/72], Train_loss: 0.6669, Valid_loss: 0.6411, Learning Rate: 1e-05
2024-12-03 16:39:50,008 - Epoch [61/72], Train_loss: 0.6650, Valid_loss: 0.6412, Learning Rate: 1e-05
2024-12-03 16:39:53,518 - Epoch [62/72], Train_loss: 0.6649, Valid_loss: 0.6413, Learning Rate: 1e-05
2024-12-03 16:39:57,002 - Epoch [63/72], Train_loss: 0.6650, Valid_loss: 0.6413, Learning Rate: 1e-05
2024-12-03 16:40:00,475 - Epoch [64/72], Train_loss: 0.6648, Valid_loss: 0.6413, Learning Rate: 1e-05
2024-12-03 16:40:03,974 - Epoch [65/72], Train_loss: 0.6649, Valid_loss: 0.6415, Learning Rate: 1e-05
2024-12-03 16:40:07,405 - Epoch [66/72], Train_loss: 0.6648, Valid_loss: 0.6416, Learning Rate: 1e-05
2024-12-03 16:40:10,958 - Epoch [67/72], Train_loss: 0.6648, Valid_loss: 0.6415, Learning Rate: 1e-05
2024-12-03 16:40:14,460 - Epoch [68/72], Train_loss: 0.6648, Valid_loss: 0.6415, Learning Rate: 1e-05
2024-12-03 16:40:17,937 - Epoch [69/72], Train_loss: 0.6648, Valid_loss: 0.6415, Learning Rate: 1e-05
2024-12-03 16:40:21,471 - Epoch [70/72], Train_loss: 0.6647, Valid_loss: 0.6414, Learning Rate: 1e-05
2024-12-03 16:40:24,953 - Epoch [71/72], Train_loss: 0.6648, Valid_loss: 0.6416, Learning Rate: 1e-05
2024-12-03 16:40:28,381 - Epoch [72/72], Train_loss: 0.6648, Valid_loss: 0.6415, Learning Rate: 1e-05
2024-12-03 16:40:28,381 - Best model comes from Epoch 70.
2024-12-03 16:40:28,381 - Model training is done. Start saving checkpoint file...
2024-12-03 16:40:28,392 - Checkpoint file saved.
